2020-12-15T16:40:18+00:00 CRITICAL syntax error, unexpected single-quoted string "customer-logout", expecting ")" en C:\xampp\htdocs\wordpress\wp-content\themes\shoper\functions.php en la línea 89

2020-12-15T16:41:37+00:00 CRITICAL syntax error, unexpected token "=>" en C:\xampp\htdocs\wordpress\wp-content\themes\shoper\functions.php en la línea 91

2020-12-15T16:42:13+00:00 CRITICAL syntax error, unexpected token "=>" en C:\xampp\htdocs\wordpress\wp-content\themes\shoper\functions.php en la línea 91

2020-12-15T16:42:15+00:00 CRITICAL syntax error, unexpected token "=>" en C:\xampp\htdocs\wordpress\wp-content\themes\shoper\functions.php en la línea 91

2020-12-15T16:42:46+00:00 CRITICAL syntax error, unexpected token "=>" en C:\xampp\htdocs\wordpress\wp-content\themes\shoper\functions.php en la línea 91

2020-12-15T16:42:48+00:00 CRITICAL syntax error, unexpected token "=>" en C:\xampp\htdocs\wordpress\wp-content\themes\shoper\functions.php en la línea 91

2020-12-15T16:45:09+00:00 CRITICAL syntax error, unexpected token "=>" en C:\xampp\htdocs\wordpress\wp-content\themes\shoper\functions.php en la línea 91

2020-12-15T16:45:11+00:00 CRITICAL syntax error, unexpected token "=>" en C:\xampp\htdocs\wordpress\wp-content\themes\shoper\functions.php en la línea 91

2020-12-15T16:45:50+00:00 CRITICAL syntax error, unexpected token "=>" en C:\xampp\htdocs\wordpress\wp-content\themes\shoper\functions.php en la línea 107

2020-12-15T17:15:55+00:00 CRITICAL Uncaught ArgumentCountError: Too few arguments to function dpw_hook_endpoint(), 1 passed in C:\xampp\htdocs\wordpress\wp-includes\class-wp-hook.php on line 289 and exactly 4 expected in C:\xampp\htdocs\wordpress\wp-content\themes\shoper\functions.php:98
Stack trace:
#0 C:\xampp\htdocs\wordpress\wp-includes\class-wp-hook.php(289): dpw_hook_endpoint('https://localho...')
#1 C:\xampp\htdocs\wordpress\wp-includes\plugin.php(212): WP_Hook->apply_filters('https://localho...', Array)
#2 C:\xampp\htdocs\wordpress\wp-content\plugins\woocommerce\includes\wc-page-functions.php(118): apply_filters('woocommerce_get...', 'https://localho...', 'login', '', 'https://localho...')
#3 C:\xampp\htdocs\wordpress\wp-content\plugins\woocommerce\includes\wc-account-functions.php(183): wc_get_endpoint_url('login', '', 'https://localho...')
#4 C:\xampp\htdocs\wordpress\wp-content\themes\shoper\inc\class\class-header.php(172): wc_get_account_endpoint_url('login')
#5 C:\xampp\htdocs\wordpress\wp-content\themes\shoper\inc\class\class-header.php(85): shoper_Header_Layout->get_site_header_icon()
#6 C:\xampp\htdocs\wordpress\wp-includes\class-wp-hook.php(287): shoper_Header_Layout->site_header_layout('')
#7 C:\xampp\htdocs\wordpress\wp-includes\class-wp-hook.php(311): WP_Hook->apply_filters(NULL, Array)
#8 C:\xampp\htdocs\wordpress\wp-includes\plugin.php(484): WP_Hook->do_action(Array)
#9 C:\xampp\htdocs\wordpress\wp-content\themes\shoper\header.php(33): do_action('shoper_site_hea...')
#10 C:\xampp\htdocs\wordpress\wp-includes\template.php(730): require_once('C:\\xampp\\htdocs...')
#11 C:\xampp\htdocs\wordpress\wp-includes\template.php(676): load_template('C:\\xampp\\htdocs...', true, Array)
#12 C:\xampp\htdocs\wordpress\wp-includes\general-template.php(48): locate_template(Array, true, true, Array)
#13 C:\xampp\htdocs\wordpress\wp-content\themes\shoper\404.php(10): get_header()
#14 C:\xampp\htdocs\wordpress\wp-includes\template-loader.php(106): include('C:\\xampp\\htdocs...')
#15 C:\xampp\htdocs\wordpress\wp-blog-header.php(19): require_once('C:\\xampp\\htdocs...')
#16 C:\xampp\htdocs\wordpress\index.php(17): require('C:\\xampp\\htdocs...')
#17 {main}
  thrown en C:\xampp\htdocs\wordpress\wp-content\themes\shoper\functions.php en la línea 98

2020-12-15T17:16:24+00:00 CRITICAL Uncaught ArgumentCountError: Too few arguments to function dpw_hook_endpoint(), 1 passed in C:\xampp\htdocs\wordpress\wp-includes\class-wp-hook.php on line 289 and exactly 4 expected in C:\xampp\htdocs\wordpress\wp-content\themes\shoper\functions.php:98
Stack trace:
#0 C:\xampp\htdocs\wordpress\wp-includes\class-wp-hook.php(289): dpw_hook_endpoint('https://localho...')
#1 C:\xampp\htdocs\wordpress\wp-includes\plugin.php(212): WP_Hook->apply_filters('https://localho...', Array)
#2 C:\xampp\htdocs\wordpress\wp-content\plugins\woocommerce\includes\wc-page-functions.php(118): apply_filters('woocommerce_get...', 'https://localho...', 'login', '', 'https://localho...')
#3 C:\xampp\htdocs\wordpress\wp-content\plugins\woocommerce\includes\wc-account-functions.php(183): wc_get_endpoint_url('login', '', 'https://localho...')
#4 C:\xampp\htdocs\wordpress\wp-content\themes\shoper\inc\class\class-header.php(172): wc_get_account_endpoint_url('login')
#5 C:\xampp\htdocs\wordpress\wp-content\themes\shoper\inc\class\class-header.php(85): shoper_Header_Layout->get_site_header_icon()
#6 C:\xampp\htdocs\wordpress\wp-includes\class-wp-hook.php(287): shoper_Header_Layout->site_header_layout('')
#7 C:\xampp\htdocs\wordpress\wp-includes\class-wp-hook.php(311): WP_Hook->apply_filters(NULL, Array)
#8 C:\xampp\htdocs\wordpress\wp-includes\plugin.php(484): WP_Hook->do_action(Array)
#9 C:\xampp\htdocs\wordpress\wp-content\themes\shoper\header.php(33): do_action('shoper_site_hea...')
#10 C:\xampp\htdocs\wordpress\wp-includes\template.php(730): require_once('C:\\xampp\\htdocs...')
#11 C:\xampp\htdocs\wordpress\wp-includes\template.php(676): load_template('C:\\xampp\\htdocs...', true, Array)
#12 C:\xampp\htdocs\wordpress\wp-includes\general-template.php(48): locate_template(Array, true, true, Array)
#13 C:\xampp\htdocs\wordpress\wp-content\themes\shoper\page.php(15): get_header()
#14 C:\xampp\htdocs\wordpress\wp-includes\template-loader.php(106): include('C:\\xampp\\htdocs...')
#15 C:\xampp\htdocs\wordpress\wp-blog-header.php(19): require_once('C:\\xampp\\htdocs...')
#16 C:\xampp\htdocs\wordpress\index.php(17): require('C:\\xampp\\htdocs...')
#17 {main}
  thrown en C:\xampp\htdocs\wordpress\wp-content\themes\shoper\functions.php en la línea 98

2020-12-15T17:16:29+00:00 CRITICAL Uncaught ArgumentCountError: Too few arguments to function dpw_hook_endpoint(), 1 passed in C:\xampp\htdocs\wordpress\wp-includes\class-wp-hook.php on line 289 and exactly 4 expected in C:\xampp\htdocs\wordpress\wp-content\themes\shoper\functions.php:98
Stack trace:
#0 C:\xampp\htdocs\wordpress\wp-includes\class-wp-hook.php(289): dpw_hook_endpoint('https://localho...')
#1 C:\xampp\htdocs\wordpress\wp-includes\plugin.php(212): WP_Hook->apply_filters('https://localho...', Array)
#2 C:\xampp\htdocs\wordpress\wp-content\plugins\woocommerce\includes\wc-page-functions.php(118): apply_filters('woocommerce_get...', 'https://localho...', 'login', '', 'https://localho...')
#3 C:\xampp\htdocs\wordpress\wp-content\plugins\woocommerce\includes\wc-account-functions.php(183): wc_get_endpoint_url('login', '', 'https://localho...')
#4 C:\xampp\htdocs\wordpress\wp-content\themes\shoper\inc\class\class-header.php(172): wc_get_account_endpoint_url('login')
#5 C:\xampp\htdocs\wordpress\wp-content\themes\shoper\inc\class\class-header.php(85): shoper_Header_Layout->get_site_header_icon()
#6 C:\xampp\htdocs\wordpress\wp-includes\class-wp-hook.php(287): shoper_Header_Layout->site_header_layout('')
#7 C:\xampp\htdocs\wordpress\wp-includes\class-wp-hook.php(311): WP_Hook->apply_filters(NULL, Array)
#8 C:\xampp\htdocs\wordpress\wp-includes\plugin.php(484): WP_Hook->do_action(Array)
#9 C:\xampp\htdocs\wordpress\wp-content\themes\shoper\header.php(33): do_action('shoper_site_hea...')
#10 C:\xampp\htdocs\wordpress\wp-includes\template.php(730): require_once('C:\\xampp\\htdocs...')
#11 C:\xampp\htdocs\wordpress\wp-includes\template.php(676): load_template('C:\\xampp\\htdocs...', true, Array)
#12 C:\xampp\htdocs\wordpress\wp-includes\general-template.php(48): locate_template(Array, true, true, Array)
#13 C:\xampp\htdocs\wordpress\wp-content\themes\shoper\page.php(15): get_header()
#14 C:\xampp\htdocs\wordpress\wp-includes\template-loader.php(106): include('C:\\xampp\\htdocs...')
#15 C:\xampp\htdocs\wordpress\wp-blog-header.php(19): require_once('C:\\xampp\\htdocs...')
#16 C:\xampp\htdocs\wordpress\index.php(17): require('C:\\xampp\\htdocs...')
#17 {main}
  thrown en C:\xampp\htdocs\wordpress\wp-content\themes\shoper\functions.php en la línea 98

2020-12-15T17:21:25+00:00 CRITICAL Uncaught TypeError: call_user_func_array(): Argument #1 ($function) must be a valid callback, function "my_account_new_endpoints" not found or invalid function name in C:\xampp\htdocs\wordpress\wp-includes\class-wp-hook.php:287
Stack trace:
#0 C:\xampp\htdocs\wordpress\wp-includes\class-wp-hook.php(311): WP_Hook->apply_filters(NULL, Array)
#1 C:\xampp\htdocs\wordpress\wp-includes\plugin.php(484): WP_Hook->do_action(Array)
#2 C:\xampp\htdocs\wordpress\wp-settings.php(557): do_action('init')
#3 C:\xampp\htdocs\wordpress\wp-config.php(94): require_once('C:\\xampp\\htdocs...')
#4 C:\xampp\htdocs\wordpress\wp-load.php(37): require_once('C:\\xampp\\htdocs...')
#5 C:\xampp\htdocs\wordpress\wp-cron.php(44): require_once('C:\\xampp\\htdocs...')
#6 {main}
  thrown en C:\xampp\htdocs\wordpress\wp-includes\class-wp-hook.php en la línea 287

2020-12-15T17:21:25+00:00 CRITICAL Uncaught TypeError: call_user_func_array(): Argument #1 ($function) must be a valid callback, function "my_account_new_endpoints" not found or invalid function name in C:\xampp\htdocs\wordpress\wp-includes\class-wp-hook.php:287
Stack trace:
#0 C:\xampp\htdocs\wordpress\wp-includes\class-wp-hook.php(311): WP_Hook->apply_filters(NULL, Array)
#1 C:\xampp\htdocs\wordpress\wp-includes\plugin.php(484): WP_Hook->do_action(Array)
#2 C:\xampp\htdocs\wordpress\wp-settings.php(557): do_action('init')
#3 C:\xampp\htdocs\wordpress\wp-config.php(94): require_once('C:\\xampp\\htdocs...')
#4 C:\xampp\htdocs\wordpress\wp-load.php(37): require_once('C:\\xampp\\htdocs...')
#5 C:\xampp\htdocs\wordpress\wp-admin\admin-ajax.php(22): require_once('C:\\xampp\\htdocs...')
#6 {main}
  thrown en C:\xampp\htdocs\wordpress\wp-includes\class-wp-hook.php en la línea 287

